[1018/233425.174:ERROR:process_reader_win.cc(151)] SuspendThread: Access is denied. (0x5)
[1018/233425.176:ERROR:process_reader_win.cc(123)] NtOpenThread: An invalid Client ID was specified.  (0xc000000b)
[1018/233425.185:ERROR:process_reader_win.cc(151)] SuspendThread: Access is denied. (0x5)
[1018/233425.185:ERROR:process_reader_win.cc(123)] NtOpenThread: An invalid Client ID was specified.  (0xc000000b)
[1018/233425.185:ERROR:process_reader_win.cc(242)] ReadMemory at 0x14dc3fae00 of 16 bytes failed: Only part of a ReadProcessMemory or WriteProcessMemory request was completed. (0x12B)
[1018/233425.185:ERROR:exception_snapshot_win.cc(180)] EXCEPTION_POINTERS read failed
[1018/233425.185:WARNING:crash_report_exception_handler.cc(62)] ProcessSnapshotWin::Initialize failed
[1018/233425.188:ERROR:scoped_process_suspend.cc(39)] NtResumeProcess: An attempt was made to access an exiting process.  (0xc000010a)
[1018/234301.140:ERROR:process_info.cc(632)] range at 0x56df364000000000, size 0x1a1 fully unreadable
[1018/234301.141:ERROR:process_info.cc(632)] range at 0x56df36a200000000, size 0x1a1 fully unreadable
[1018/234301.141:ERROR:process_info.cc(632)] range at 0x0, size 0x1a1 fully unreadable
[1018/234301.178:ERROR:process_reader_win.cc(242)] ReadMemory at 0x1a157880000 of 64 bytes failed: Only part of a ReadProcessMemory or WriteProcessMemory request was completed. (0x12B)
[1018/234301.178:WARNING:pe_image_reader.cc(281)] could not read dos header from C:\WINDOWS\System32\CRYPT32.dll
[1018/234301.178:ERROR:process_reader_win.cc(242)] ReadMemory at 0x1a1574b0000 of 64 bytes failed: Only part of a ReadProcessMemory or WriteProcessMemory request was completed. (0x12B)
[1018/234301.178:WARNING:pe_image_reader.cc(281)] could not read dos header from C:\WINDOWS\System32\WINTRUST.dll
[1018/234301.178:ERROR:process_reader_win.cc(242)] ReadMemory at 0x1a157770000 of 64 bytes failed: Only part of a ReadProcessMemory or WriteProcessMemory request was completed. (0x12B)
[1018/234301.178:WARNING:pe_image_reader.cc(281)] could not read dos header from C:\WINDOWS\System32\COMDLG32.dll
[1018/234301.192:ERROR:process_reader_win.cc(242)] ReadMemory at 0x57bcfee000 of 73728 bytes failed: Only part of a ReadProcessMemory or WriteProcessMemory request was completed. (0x12B)
[1018/234301.192:ERROR:crash_report_exception_handler.cc(116)] WriteEverything failed
[1018/234301.202:ERROR:scoped_process_suspend.cc(39)] NtResumeProcess: An attempt was made to access an exiting process.  (0xc000010a)
